{
  "/Users/spacecorp/Projects/gleamy/dev-environment/next-env.d.ts": {
    "path": "/Users/spacecorp/Projects/gleamy/dev-environment/next-env.d.ts",
    "statementMap": {},
    "fnMap": {},
    "branchMap": {},
    "s": {},
    "f": {},
    "b": {}
  },
  "/Users/spacecorp/Projects/gleamy/packages/gleamy/src/index.ts": {
    "path": "/Users/spacecorp/Projects/gleamy/packages/gleamy/src/index.ts",
    "statementMap": {
      "0": {
        "start": { "line": 1, "column": 0 },
        "end": { "line": 1, "column": 33 }
      },
      "1": {
        "start": { "line": 2, "column": 0 },
        "end": { "line": 2, "column": 31 }
      }
    },
    "fnMap": {},
    "branchMap": {},
    "s": { "0": 0, "1": 0 },
    "f": {},
    "b": {}
  },
  "/Users/spacecorp/Projects/gleamy/packages/gleamy/src/lib/components/index.ts": {
    "path": "/Users/spacecorp/Projects/gleamy/packages/gleamy/src/lib/components/index.ts",
    "statementMap": {
      "0": {
        "start": { "line": 1, "column": 0 },
        "end": { "line": 1, "column": 35 }
      },
      "1": {
        "start": { "line": 2, "column": 0 },
        "end": { "line": 2, "column": 37 }
      },
      "2": {
        "start": { "line": 3, "column": 0 },
        "end": { "line": 3, "column": 37 }
      },
      "3": {
        "start": { "line": 4, "column": 0 },
        "end": { "line": 4, "column": 36 }
      }
    },
    "fnMap": {},
    "branchMap": {},
    "s": { "0": 0, "1": 0, "2": 0, "3": 0 },
    "f": {},
    "b": {}
  },
  "/Users/spacecorp/Projects/gleamy/packages/gleamy/src/lib/components/materials/plastics/Iridescent.d.ts": {
    "path": "/Users/spacecorp/Projects/gleamy/packages/gleamy/src/lib/components/materials/plastics/Iridescent.d.ts",
    "statementMap": {},
    "fnMap": {},
    "branchMap": {},
    "s": {},
    "f": {},
    "b": {}
  },
  "/Users/spacecorp/Projects/gleamy/packages/gleamy/src/lib/components/materials/plastics/Lacquer.d.ts": {
    "path": "/Users/spacecorp/Projects/gleamy/packages/gleamy/src/lib/components/materials/plastics/Lacquer.d.ts",
    "statementMap": {},
    "fnMap": {},
    "branchMap": {},
    "s": {},
    "f": {},
    "b": {}
  },
  "/Users/spacecorp/Projects/gleamy/packages/gleamy/src/lib/components/materials/plastics/index.d.ts": {
    "path": "/Users/spacecorp/Projects/gleamy/packages/gleamy/src/lib/components/materials/plastics/index.d.ts",
    "statementMap": {},
    "fnMap": {},
    "branchMap": {},
    "s": {},
    "f": {},
    "b": {}
  },
  "/Users/spacecorp/Projects/gleamy/packages/gleamy/src/lib/definitions/index.ts": {
    "path": "/Users/spacecorp/Projects/gleamy/packages/gleamy/src/lib/definitions/index.ts",
    "statementMap": {
      "0": {
        "start": { "line": 1, "column": 0 },
        "end": { "line": 1, "column": 24 }
      },
      "1": {
        "start": { "line": 2, "column": 0 },
        "end": { "line": 2, "column": 26 }
      },
      "2": {
        "start": { "line": 3, "column": 0 },
        "end": { "line": 3, "column": 26 }
      }
    },
    "fnMap": {},
    "branchMap": {},
    "s": { "0": 0, "1": 0, "2": 0 },
    "f": {},
    "b": {}
  },
  "/Users/spacecorp/Projects/gleamy/packages/gleamy/src/lib/definitions/glitter/glitter.ts": {
    "path": "/Users/spacecorp/Projects/gleamy/packages/gleamy/src/lib/definitions/glitter/glitter.ts",
    "statementMap": {
      "0": {
        "start": { "line": 1, "column": 0 },
        "end": { "line": 1, "column": 26 }
      },
      "1": {
        "start": { "line": 4, "column": 14 },
        "end": { "line": 6, "column": 1 }
      },
      "2": {
        "start": { "line": 5, "column": 2 },
        "end": { "line": 5, "column": 39 }
      },
      "3": {
        "start": { "line": 8, "column": 23 },
        "end": { "line": 57, "column": 1 }
      },
      "4": {
        "start": { "line": 19, "column": 4 },
        "end": { "line": 21, "column": 9 }
      },
      "5": {
        "start": { "line": 23, "column": 16 },
        "end": { "line": 23, "column": 57 }
      },
      "6": {
        "start": { "line": 24, "column": 16 },
        "end": { "line": 28, "column": null }
      },
      "7": {
        "start": { "line": 31, "column": 14 },
        "end": { "line": 31, "column": 28 }
      },
      "8": {
        "start": { "line": 33, "column": 2 },
        "end": { "line": 50, "column": null }
      },
      "9": {
        "start": { "line": 35, "column": 6 },
        "end": { "line": 39, "column": null }
      },
      "10": {
        "start": { "line": 42, "column": 4 },
        "end": { "line": 45, "column": 38 }
      },
      "11": {
        "start": { "line": 47, "column": 4 },
        "end": { "line": 49, "column": 38 }
      },
      "12": {
        "start": { "line": 52, "column": 2 },
        "end": { "line": 56, "column": null }
      },
      "13": {
        "start": { "line": 53, "column": 4 },
        "end": { "line": 53, "column": 51 }
      },
      "14": {
        "start": { "line": 55, "column": 4 },
        "end": { "line": 55, "column": 39 }
      },
      "15": {
        "start": { "line": 8, "column": 13 },
        "end": { "line": 8, "column": 23 }
      }
    },
    "fnMap": {
      "0": {
        "name": "(anonymous_0)",
        "decl": {
          "start": { "line": 4, "column": 14 },
          "end": { "line": 4, "column": 15 }
        },
        "loc": {
          "start": { "line": 4, "column": 40 },
          "end": { "line": 6, "column": 1 }
        }
      },
      "1": {
        "name": "(anonymous_1)",
        "decl": {
          "start": { "line": 8, "column": 23 },
          "end": { "line": 8, "column": 24 }
        },
        "loc": {
          "start": { "line": 17, "column": 31 },
          "end": { "line": 57, "column": 1 }
        }
      }
    },
    "branchMap": {
      "0": {
        "loc": {
          "start": { "line": 19, "column": 4 },
          "end": { "line": 21, "column": 9 }
        },
        "type": "cond-expr",
        "locations": [
          {
            "start": { "line": 20, "column": 8 },
            "end": { "line": 20, "column": 24 }
          },
          {
            "start": { "line": 21, "column": 8 },
            "end": { "line": 21, "column": 9 }
          }
        ]
      },
      "1": {
        "loc": {
          "start": { "line": 19, "column": 4 },
          "end": { "line": 19, "column": 60 }
        },
        "type": "binary-expr",
        "locations": [
          {
            "start": { "line": 19, "column": 4 },
            "end": { "line": 19, "column": 20 }
          },
          {
            "start": { "line": 19, "column": 24 },
            "end": { "line": 19, "column": 60 }
          }
        ]
      },
      "2": {
        "loc": {
          "start": { "line": 23, "column": 16 },
          "end": { "line": 23, "column": 57 }
        },
        "type": "cond-expr",
        "locations": [
          {
            "start": { "line": 23, "column": 29 },
            "end": { "line": 23, "column": 51 }
          },
          {
            "start": { "line": 23, "column": 54 },
            "end": { "line": 23, "column": 57 }
          }
        ]
      },
      "3": {
        "loc": {
          "start": { "line": 27, "column": 10 },
          "end": { "line": 27, "column": 51 }
        },
        "type": "cond-expr",
        "locations": [
          {
            "start": { "line": 27, "column": 38 },
            "end": { "line": 27, "column": 43 }
          },
          {
            "start": { "line": 27, "column": 46 },
            "end": { "line": 27, "column": 51 }
          }
        ]
      },
      "4": {
        "loc": {
          "start": { "line": 33, "column": 2 },
          "end": { "line": 50, "column": null }
        },
        "type": "if",
        "locations": [
          {
            "start": { "line": 33, "column": 2 },
            "end": { "line": 50, "column": null }
          },
          {
            "start": { "line": 46, "column": 9 },
            "end": { "line": 50, "column": null }
          }
        ]
      },
      "5": {
        "loc": {
          "start": { "line": 38, "column": 12 },
          "end": { "line": 38, "column": 53 }
        },
        "type": "cond-expr",
        "locations": [
          {
            "start": { "line": 38, "column": 40 },
            "end": { "line": 38, "column": 45 }
          },
          {
            "start": { "line": 38, "column": 48 },
            "end": { "line": 38, "column": 53 }
          }
        ]
      },
      "6": {
        "loc": {
          "start": { "line": 44, "column": 15 },
          "end": { "line": 44, "column": 36 }
        },
        "type": "cond-expr",
        "locations": [
          {
            "start": { "line": 44, "column": 27 },
            "end": { "line": 44, "column": 32 }
          },
          {
            "start": { "line": 44, "column": 35 },
            "end": { "line": 44, "column": 36 }
          }
        ]
      },
      "7": {
        "loc": {
          "start": { "line": 45, "column": 14 },
          "end": { "line": 45, "column": 36 }
        },
        "type": "cond-expr",
        "locations": [
          {
            "start": { "line": 45, "column": 26 },
            "end": { "line": 45, "column": 32 }
          },
          {
            "start": { "line": 45, "column": 35 },
            "end": { "line": 45, "column": 36 }
          }
        ]
      },
      "8": {
        "loc": {
          "start": { "line": 48, "column": 14 },
          "end": { "line": 48, "column": 36 }
        },
        "type": "cond-expr",
        "locations": [
          {
            "start": { "line": 48, "column": 26 },
            "end": { "line": 48, "column": 32 }
          },
          {
            "start": { "line": 48, "column": 35 },
            "end": { "line": 48, "column": 36 }
          }
        ]
      },
      "9": {
        "loc": {
          "start": { "line": 49, "column": 15 },
          "end": { "line": 49, "column": 36 }
        },
        "type": "cond-expr",
        "locations": [
          {
            "start": { "line": 49, "column": 27 },
            "end": { "line": 49, "column": 32 }
          },
          {
            "start": { "line": 49, "column": 35 },
            "end": { "line": 49, "column": 36 }
          }
        ]
      },
      "10": {
        "loc": {
          "start": { "line": 52, "column": 2 },
          "end": { "line": 56, "column": null }
        },
        "type": "if",
        "locations": [
          {
            "start": { "line": 52, "column": 2 },
            "end": { "line": 56, "column": null }
          },
          {
            "start": { "line": 54, "column": 9 },
            "end": { "line": 56, "column": null }
          }
        ]
      }
    },
    "s": {
      "0": 0,
      "1": 0,
      "2": 0,
      "3": 0,
      "4": 0,
      "5": 0,
      "6": 0,
      "7": 0,
      "8": 0,
      "9": 0,
      "10": 0,
      "11": 0,
      "12": 0,
      "13": 0,
      "14": 0,
      "15": 0
    },
    "f": { "0": 0, "1": 0 },
    "b": {
      "0": [0, 0],
      "1": [0, 0],
      "2": [0, 0],
      "3": [0, 0],
      "4": [0, 0],
      "5": [0, 0],
      "6": [0, 0],
      "7": [0, 0],
      "8": [0, 0],
      "9": [0, 0],
      "10": [0, 0]
    }
  },
  "/Users/spacecorp/Projects/gleamy/packages/gleamy/src/lib/definitions/glitter/index.ts": {
    "path": "/Users/spacecorp/Projects/gleamy/packages/gleamy/src/lib/definitions/glitter/index.ts",
    "statementMap": {
      "0": {
        "start": { "line": 1, "column": 0 },
        "end": { "line": 1, "column": 9 }
      },
      "1": {
        "start": { "line": 1, "column": 9 },
        "end": { "line": 1, "column": 36 }
      }
    },
    "fnMap": {
      "0": {
        "name": "(anonymous_0)",
        "decl": {
          "start": { "line": 1, "column": 9 },
          "end": { "line": 1, "column": 16 }
        },
        "loc": {
          "start": { "line": 1, "column": 9 },
          "end": { "line": 1, "column": 36 }
        }
      }
    },
    "branchMap": {},
    "s": { "0": 0, "1": 0 },
    "f": { "0": 0 },
    "b": {}
  },
  "/Users/spacecorp/Projects/gleamy/packages/gleamy/src/lib/definitions/metal/blueSteel.ts": {
    "path": "/Users/spacecorp/Projects/gleamy/packages/gleamy/src/lib/definitions/metal/blueSteel.ts",
    "statementMap": {
      "0": {
        "start": { "line": 2, "column": 0 },
        "end": { "line": 2, "column": 64 }
      },
      "1": {
        "start": { "line": 4, "column": 19 },
        "end": { "line": 17, "column": 2 }
      },
      "2": {
        "start": { "line": 19, "column": 25 },
        "end": { "line": 37, "column": 1 }
      },
      "3": {
        "start": { "line": 27, "column": 19 },
        "end": { "line": 27, "column": 75 }
      },
      "4": {
        "start": { "line": 28, "column": 22 },
        "end": { "line": 30, "column": 16 }
      },
      "5": {
        "start": { "line": 32, "column": 2 },
        "end": { "line": 34, "column": 5 }
      },
      "6": {
        "start": { "line": 33, "column": 4 },
        "end": { "line": 33, "column": 73 }
      },
      "7": {
        "start": { "line": 36, "column": 2 },
        "end": { "line": 36, "column": 18 }
      },
      "8": {
        "start": { "line": 19, "column": 13 },
        "end": { "line": 19, "column": 25 }
      }
    },
    "fnMap": {
      "0": {
        "name": "(anonymous_0)",
        "decl": {
          "start": { "line": 19, "column": 25 },
          "end": { "line": 19, "column": 26 }
        },
        "loc": {
          "start": { "line": 26, "column": 47 },
          "end": { "line": 37, "column": 1 }
        }
      },
      "1": {
        "name": "(anonymous_1)",
        "decl": {
          "start": { "line": 32, "column": 22 },
          "end": { "line": 32, "column": 23 }
        },
        "loc": {
          "start": { "line": 32, "column": 40 },
          "end": { "line": 34, "column": 3 }
        }
      }
    },
    "branchMap": {
      "0": {
        "loc": {
          "start": { "line": 28, "column": 22 },
          "end": { "line": 30, "column": 16 }
        },
        "type": "cond-expr",
        "locations": [
          {
            "start": { "line": 29, "column": 6 },
            "end": { "line": 29, "column": 45 }
          },
          {
            "start": { "line": 30, "column": 6 },
            "end": { "line": 30, "column": 16 }
          }
        ]
      }
    },
    "s": {
      "0": 0,
      "1": 0,
      "2": 0,
      "3": 0,
      "4": 0,
      "5": 0,
      "6": 0,
      "7": 0,
      "8": 0
    },
    "f": { "0": 0, "1": 0 },
    "b": { "0": [0, 0] }
  },
  "/Users/spacecorp/Projects/gleamy/packages/gleamy/src/lib/definitions/metal/cobalt.ts": {
    "path": "/Users/spacecorp/Projects/gleamy/packages/gleamy/src/lib/definitions/metal/cobalt.ts",
    "statementMap": {
      "0": {
        "start": { "line": 2, "column": 0 },
        "end": { "line": 2, "column": 64 }
      },
      "1": {
        "start": { "line": 4, "column": 19 },
        "end": { "line": 16, "column": 2 }
      },
      "2": {
        "start": { "line": 18, "column": 22 },
        "end": { "line": 36, "column": 1 }
      },
      "3": {
        "start": { "line": 26, "column": 19 },
        "end": { "line": 26, "column": 75 }
      },
      "4": {
        "start": { "line": 27, "column": 22 },
        "end": { "line": 29, "column": 16 }
      },
      "5": {
        "start": { "line": 31, "column": 2 },
        "end": { "line": 33, "column": 5 }
      },
      "6": {
        "start": { "line": 32, "column": 4 },
        "end": { "line": 32, "column": 73 }
      },
      "7": {
        "start": { "line": 35, "column": 2 },
        "end": { "line": 35, "column": 18 }
      },
      "8": {
        "start": { "line": 18, "column": 13 },
        "end": { "line": 18, "column": 22 }
      }
    },
    "fnMap": {
      "0": {
        "name": "(anonymous_0)",
        "decl": {
          "start": { "line": 18, "column": 22 },
          "end": { "line": 18, "column": 23 }
        },
        "loc": {
          "start": { "line": 25, "column": 47 },
          "end": { "line": 36, "column": 1 }
        }
      },
      "1": {
        "name": "(anonymous_1)",
        "decl": {
          "start": { "line": 31, "column": 22 },
          "end": { "line": 31, "column": 23 }
        },
        "loc": {
          "start": { "line": 31, "column": 40 },
          "end": { "line": 33, "column": 3 }
        }
      }
    },
    "branchMap": {
      "0": {
        "loc": {
          "start": { "line": 27, "column": 22 },
          "end": { "line": 29, "column": 16 }
        },
        "type": "cond-expr",
        "locations": [
          {
            "start": { "line": 28, "column": 6 },
            "end": { "line": 28, "column": 45 }
          },
          {
            "start": { "line": 29, "column": 6 },
            "end": { "line": 29, "column": 16 }
          }
        ]
      }
    },
    "s": {
      "0": 0,
      "1": 0,
      "2": 0,
      "3": 0,
      "4": 0,
      "5": 0,
      "6": 0,
      "7": 0,
      "8": 0
    },
    "f": { "0": 0, "1": 0 },
    "b": { "0": [0, 0] }
  },
  "/Users/spacecorp/Projects/gleamy/packages/gleamy/src/lib/definitions/metal/copper.ts": {
    "path": "/Users/spacecorp/Projects/gleamy/packages/gleamy/src/lib/definitions/metal/copper.ts",
    "statementMap": {
      "0": {
        "start": { "line": 2, "column": 0 },
        "end": { "line": 2, "column": 64 }
      },
      "1": {
        "start": { "line": 4, "column": 19 },
        "end": { "line": 14, "column": 2 }
      },
      "2": {
        "start": { "line": 16, "column": 22 },
        "end": { "line": 34, "column": 1 }
      },
      "3": {
        "start": { "line": 24, "column": 19 },
        "end": { "line": 24, "column": 75 }
      },
      "4": {
        "start": { "line": 25, "column": 22 },
        "end": { "line": 27, "column": 16 }
      },
      "5": {
        "start": { "line": 29, "column": 2 },
        "end": { "line": 31, "column": 5 }
      },
      "6": {
        "start": { "line": 30, "column": 4 },
        "end": { "line": 30, "column": 73 }
      },
      "7": {
        "start": { "line": 33, "column": 2 },
        "end": { "line": 33, "column": 18 }
      },
      "8": {
        "start": { "line": 16, "column": 13 },
        "end": { "line": 16, "column": 22 }
      }
    },
    "fnMap": {
      "0": {
        "name": "(anonymous_0)",
        "decl": {
          "start": { "line": 16, "column": 22 },
          "end": { "line": 16, "column": 23 }
        },
        "loc": {
          "start": { "line": 23, "column": 47 },
          "end": { "line": 34, "column": 1 }
        }
      },
      "1": {
        "name": "(anonymous_1)",
        "decl": {
          "start": { "line": 29, "column": 22 },
          "end": { "line": 29, "column": 23 }
        },
        "loc": {
          "start": { "line": 29, "column": 40 },
          "end": { "line": 31, "column": 3 }
        }
      }
    },
    "branchMap": {
      "0": {
        "loc": {
          "start": { "line": 25, "column": 22 },
          "end": { "line": 27, "column": 16 }
        },
        "type": "cond-expr",
        "locations": [
          {
            "start": { "line": 26, "column": 6 },
            "end": { "line": 26, "column": 45 }
          },
          {
            "start": { "line": 27, "column": 6 },
            "end": { "line": 27, "column": 16 }
          }
        ]
      }
    },
    "s": {
      "0": 0,
      "1": 0,
      "2": 0,
      "3": 0,
      "4": 0,
      "5": 0,
      "6": 0,
      "7": 0,
      "8": 0
    },
    "f": { "0": 0, "1": 0 },
    "b": { "0": [0, 0] }
  },
  "/Users/spacecorp/Projects/gleamy/packages/gleamy/src/lib/definitions/metal/gold.ts": {
    "path": "/Users/spacecorp/Projects/gleamy/packages/gleamy/src/lib/definitions/metal/gold.ts",
    "statementMap": {
      "0": {
        "start": { "line": 2, "column": 0 },
        "end": { "line": 2, "column": 64 }
      },
      "1": {
        "start": { "line": 4, "column": 19 },
        "end": { "line": 15, "column": 2 }
      },
      "2": {
        "start": { "line": 17, "column": 20 },
        "end": { "line": 35, "column": 1 }
      },
      "3": {
        "start": { "line": 25, "column": 19 },
        "end": { "line": 25, "column": 75 }
      },
      "4": {
        "start": { "line": 26, "column": 22 },
        "end": { "line": 28, "column": 16 }
      },
      "5": {
        "start": { "line": 30, "column": 2 },
        "end": { "line": 32, "column": 5 }
      },
      "6": {
        "start": { "line": 31, "column": 4 },
        "end": { "line": 31, "column": 73 }
      },
      "7": {
        "start": { "line": 34, "column": 2 },
        "end": { "line": 34, "column": 18 }
      },
      "8": {
        "start": { "line": 17, "column": 13 },
        "end": { "line": 17, "column": 20 }
      }
    },
    "fnMap": {
      "0": {
        "name": "(anonymous_0)",
        "decl": {
          "start": { "line": 17, "column": 20 },
          "end": { "line": 17, "column": 21 }
        },
        "loc": {
          "start": { "line": 24, "column": 47 },
          "end": { "line": 35, "column": 1 }
        }
      },
      "1": {
        "name": "(anonymous_1)",
        "decl": {
          "start": { "line": 30, "column": 22 },
          "end": { "line": 30, "column": 23 }
        },
        "loc": {
          "start": { "line": 30, "column": 40 },
          "end": { "line": 32, "column": 3 }
        }
      }
    },
    "branchMap": {
      "0": {
        "loc": {
          "start": { "line": 26, "column": 22 },
          "end": { "line": 28, "column": 16 }
        },
        "type": "cond-expr",
        "locations": [
          {
            "start": { "line": 27, "column": 6 },
            "end": { "line": 27, "column": 45 }
          },
          {
            "start": { "line": 28, "column": 6 },
            "end": { "line": 28, "column": 16 }
          }
        ]
      }
    },
    "s": {
      "0": 0,
      "1": 0,
      "2": 0,
      "3": 0,
      "4": 0,
      "5": 0,
      "6": 0,
      "7": 0,
      "8": 0
    },
    "f": { "0": 0, "1": 0 },
    "b": { "0": [0, 0] }
  },
  "/Users/spacecorp/Projects/gleamy/packages/gleamy/src/lib/definitions/metal/gunmetal.ts": {
    "path": "/Users/spacecorp/Projects/gleamy/packages/gleamy/src/lib/definitions/metal/gunmetal.ts",
    "statementMap": {
      "0": {
        "start": { "line": 2, "column": 0 },
        "end": { "line": 2, "column": 64 }
      },
      "1": {
        "start": { "line": 4, "column": 19 },
        "end": { "line": 15, "column": 2 }
      },
      "2": {
        "start": { "line": 17, "column": 24 },
        "end": { "line": 35, "column": 1 }
      },
      "3": {
        "start": { "line": 25, "column": 19 },
        "end": { "line": 25, "column": 75 }
      },
      "4": {
        "start": { "line": 26, "column": 22 },
        "end": { "line": 28, "column": 16 }
      },
      "5": {
        "start": { "line": 30, "column": 2 },
        "end": { "line": 32, "column": 5 }
      },
      "6": {
        "start": { "line": 31, "column": 4 },
        "end": { "line": 31, "column": 73 }
      },
      "7": {
        "start": { "line": 34, "column": 2 },
        "end": { "line": 34, "column": 18 }
      },
      "8": {
        "start": { "line": 17, "column": 13 },
        "end": { "line": 17, "column": 24 }
      }
    },
    "fnMap": {
      "0": {
        "name": "(anonymous_0)",
        "decl": {
          "start": { "line": 17, "column": 24 },
          "end": { "line": 17, "column": 25 }
        },
        "loc": {
          "start": { "line": 24, "column": 47 },
          "end": { "line": 35, "column": 1 }
        }
      },
      "1": {
        "name": "(anonymous_1)",
        "decl": {
          "start": { "line": 30, "column": 22 },
          "end": { "line": 30, "column": 23 }
        },
        "loc": {
          "start": { "line": 30, "column": 40 },
          "end": { "line": 32, "column": 3 }
        }
      }
    },
    "branchMap": {
      "0": {
        "loc": {
          "start": { "line": 26, "column": 22 },
          "end": { "line": 28, "column": 16 }
        },
        "type": "cond-expr",
        "locations": [
          {
            "start": { "line": 27, "column": 6 },
            "end": { "line": 27, "column": 45 }
          },
          {
            "start": { "line": 28, "column": 6 },
            "end": { "line": 28, "column": 16 }
          }
        ]
      }
    },
    "s": {
      "0": 0,
      "1": 0,
      "2": 0,
      "3": 0,
      "4": 0,
      "5": 0,
      "6": 0,
      "7": 0,
      "8": 0
    },
    "f": { "0": 0, "1": 0 },
    "b": { "0": [0, 0] }
  },
  "/Users/spacecorp/Projects/gleamy/packages/gleamy/src/lib/definitions/metal/index.ts": {
    "path": "/Users/spacecorp/Projects/gleamy/packages/gleamy/src/lib/definitions/metal/index.ts",
    "statementMap": {
      "0": {
        "start": { "line": 1, "column": 0 },
        "end": { "line": 1, "column": 9 }
      },
      "1": {
        "start": { "line": 1, "column": 9 },
        "end": { "line": 1, "column": 30 }
      },
      "2": {
        "start": { "line": 2, "column": 0 },
        "end": { "line": 2, "column": 9 }
      },
      "3": {
        "start": { "line": 2, "column": 9 },
        "end": { "line": 2, "column": 34 }
      },
      "4": {
        "start": { "line": 3, "column": 0 },
        "end": { "line": 3, "column": 9 }
      },
      "5": {
        "start": { "line": 3, "column": 9 },
        "end": { "line": 3, "column": 38 }
      },
      "6": {
        "start": { "line": 4, "column": 0 },
        "end": { "line": 4, "column": 9 }
      },
      "7": {
        "start": { "line": 4, "column": 9 },
        "end": { "line": 4, "column": 34 }
      },
      "8": {
        "start": { "line": 5, "column": 0 },
        "end": { "line": 5, "column": 9 }
      },
      "9": {
        "start": { "line": 5, "column": 9 },
        "end": { "line": 5, "column": 32 }
      },
      "10": {
        "start": { "line": 6, "column": 0 },
        "end": { "line": 6, "column": 9 }
      },
      "11": {
        "start": { "line": 6, "column": 9 },
        "end": { "line": 6, "column": 38 }
      },
      "12": {
        "start": { "line": 7, "column": 0 },
        "end": { "line": 7, "column": 9 }
      },
      "13": {
        "start": { "line": 7, "column": 9 },
        "end": { "line": 7, "column": 34 }
      },
      "14": {
        "start": { "line": 8, "column": 0 },
        "end": { "line": 8, "column": 9 }
      },
      "15": {
        "start": { "line": 8, "column": 9 },
        "end": { "line": 8, "column": 40 }
      },
      "16": {
        "start": { "line": 9, "column": 0 },
        "end": { "line": 9, "column": 9 }
      },
      "17": {
        "start": { "line": 9, "column": 9 },
        "end": { "line": 9, "column": 32 }
      }
    },
    "fnMap": {
      "0": {
        "name": "(anonymous_0)",
        "decl": {
          "start": { "line": 1, "column": 9 },
          "end": { "line": 1, "column": 13 }
        },
        "loc": {
          "start": { "line": 1, "column": 9 },
          "end": { "line": 1, "column": 30 }
        }
      },
      "1": {
        "name": "(anonymous_1)",
        "decl": {
          "start": { "line": 2, "column": 9 },
          "end": { "line": 2, "column": 15 }
        },
        "loc": {
          "start": { "line": 2, "column": 9 },
          "end": { "line": 2, "column": 34 }
        }
      },
      "2": {
        "name": "(anonymous_2)",
        "decl": {
          "start": { "line": 3, "column": 9 },
          "end": { "line": 3, "column": 17 }
        },
        "loc": {
          "start": { "line": 3, "column": 9 },
          "end": { "line": 3, "column": 38 }
        }
      },
      "3": {
        "name": "(anonymous_3)",
        "decl": {
          "start": { "line": 4, "column": 9 },
          "end": { "line": 4, "column": 15 }
        },
        "loc": {
          "start": { "line": 4, "column": 9 },
          "end": { "line": 4, "column": 34 }
        }
      },
      "4": {
        "name": "(anonymous_4)",
        "decl": {
          "start": { "line": 5, "column": 9 },
          "end": { "line": 5, "column": 14 }
        },
        "loc": {
          "start": { "line": 5, "column": 9 },
          "end": { "line": 5, "column": 32 }
        }
      },
      "5": {
        "name": "(anonymous_5)",
        "decl": {
          "start": { "line": 6, "column": 9 },
          "end": { "line": 6, "column": 17 }
        },
        "loc": {
          "start": { "line": 6, "column": 9 },
          "end": { "line": 6, "column": 38 }
        }
      },
      "6": {
        "name": "(anonymous_6)",
        "decl": {
          "start": { "line": 7, "column": 9 },
          "end": { "line": 7, "column": 15 }
        },
        "loc": {
          "start": { "line": 7, "column": 9 },
          "end": { "line": 7, "column": 34 }
        }
      },
      "7": {
        "name": "(anonymous_7)",
        "decl": {
          "start": { "line": 8, "column": 9 },
          "end": { "line": 8, "column": 18 }
        },
        "loc": {
          "start": { "line": 8, "column": 9 },
          "end": { "line": 8, "column": 40 }
        }
      },
      "8": {
        "name": "(anonymous_8)",
        "decl": {
          "start": { "line": 9, "column": 9 },
          "end": { "line": 9, "column": 14 }
        },
        "loc": {
          "start": { "line": 9, "column": 9 },
          "end": { "line": 9, "column": 32 }
        }
      }
    },
    "branchMap": {},
    "s": {
      "0": 0,
      "1": 0,
      "2": 0,
      "3": 0,
      "4": 0,
      "5": 0,
      "6": 0,
      "7": 0,
      "8": 0,
      "9": 0,
      "10": 0,
      "11": 0,
      "12": 0,
      "13": 0,
      "14": 0,
      "15": 0,
      "16": 0,
      "17": 0
    },
    "f": {
      "0": 0,
      "1": 0,
      "2": 0,
      "3": 0,
      "4": 0,
      "5": 0,
      "6": 0,
      "7": 0,
      "8": 0
    },
    "b": {}
  },
  "/Users/spacecorp/Projects/gleamy/packages/gleamy/src/lib/definitions/metal/laser.ts": {
    "path": "/Users/spacecorp/Projects/gleamy/packages/gleamy/src/lib/definitions/metal/laser.ts",
    "statementMap": {
      "0": {
        "start": { "line": 3, "column": 0 },
        "end": { "line": 3, "column": 64 }
      },
      "1": {
        "start": { "line": 5, "column": 21 },
        "end": { "line": 85, "column": 1 }
      },
      "2": {
        "start": { "line": 18, "column": 22 },
        "end": { "line": 18, "column": 43 }
      },
      "3": {
        "start": { "line": 19, "column": 28 },
        "end": { "line": 19, "column": 30 }
      },
      "4": {
        "start": { "line": 20, "column": 19 },
        "end": { "line": 20, "column": 75 }
      },
      "5": {
        "start": { "line": 22, "column": 4 },
        "end": { "line": 24, "column": 10 }
      },
      "6": {
        "start": { "line": 25, "column": 21 },
        "end": { "line": 25, "column": 24 }
      },
      "7": {
        "start": { "line": 26, "column": 34 },
        "end": { "line": 26, "column": 37 }
      },
      "8": {
        "start": { "line": 28, "column": 20 },
        "end": { "line": 28, "column": 36 }
      },
      "9": {
        "start": { "line": 30, "column": 21 },
        "end": { "line": 35, "column": null }
      },
      "10": {
        "start": { "line": 37, "column": 13 },
        "end": { "line": 37, "column": 61 }
      },
      "11": {
        "start": { "line": 39, "column": 4 },
        "end": { "line": 41, "column": 47 }
      },
      "12": {
        "start": { "line": 43, "column": 21 },
        "end": { "line": 76, "column": 4 }
      },
      "13": {
        "start": { "line": 78, "column": 2 },
        "end": { "line": 78, "column": 56 }
      },
      "14": {
        "start": { "line": 80, "column": 2 },
        "end": { "line": 82, "column": 5 }
      },
      "15": {
        "start": { "line": 81, "column": 4 },
        "end": { "line": 81, "column": 73 }
      },
      "16": {
        "start": { "line": 84, "column": 2 },
        "end": { "line": 84, "column": 18 }
      },
      "17": {
        "start": { "line": 5, "column": 13 },
        "end": { "line": 5, "column": 21 }
      }
    },
    "fnMap": {
      "0": {
        "name": "(anonymous_0)",
        "decl": {
          "start": { "line": 5, "column": 21 },
          "end": { "line": 5, "column": 22 }
        },
        "loc": {
          "start": { "line": 17, "column": 48 },
          "end": { "line": 85, "column": 1 }
        }
      },
      "1": {
        "name": "(anonymous_1)",
        "decl": {
          "start": { "line": 80, "column": 22 },
          "end": { "line": 80, "column": 23 }
        },
        "loc": {
          "start": { "line": 80, "column": 40 },
          "end": { "line": 82, "column": 3 }
        }
      }
    },
    "branchMap": {
      "0": {
        "loc": {
          "start": { "line": 14, "column": 2 },
          "end": { "line": 14, "column": 18 }
        },
        "type": "default-arg",
        "locations": [
          {
            "start": { "line": 14, "column": 17 },
            "end": { "line": 14, "column": 18 }
          }
        ]
      },
      "1": {
        "loc": {
          "start": { "line": 15, "column": 2 },
          "end": { "line": 15, "column": 22 }
        },
        "type": "default-arg",
        "locations": [
          {
            "start": { "line": 15, "column": 21 },
            "end": { "line": 15, "column": 22 }
          }
        ]
      },
      "2": {
        "loc": {
          "start": { "line": 16, "column": 2 },
          "end": { "line": 16, "column": 22 }
        },
        "type": "default-arg",
        "locations": [
          {
            "start": { "line": 16, "column": 19 },
            "end": { "line": 16, "column": 22 }
          }
        ]
      },
      "3": {
        "loc": {
          "start": { "line": 18, "column": 22 },
          "end": { "line": 18, "column": 43 }
        },
        "type": "binary-expr",
        "locations": [
          {
            "start": { "line": 18, "column": 22 },
            "end": { "line": 18, "column": 38 }
          },
          {
            "start": { "line": 18, "column": 42 },
            "end": { "line": 18, "column": 43 }
          }
        ]
      },
      "4": {
        "loc": {
          "start": { "line": 22, "column": 4 },
          "end": { "line": 24, "column": 10 }
        },
        "type": "binary-expr",
        "locations": [
          {
            "start": { "line": 22, "column": 4 },
            "end": { "line": 23, "column": null }
          },
          {
            "start": { "line": 24, "column": 9 },
            "end": { "line": 24, "column": 10 }
          }
        ]
      },
      "5": {
        "loc": {
          "start": { "line": 32, "column": 7 },
          "end": { "line": 34, "column": 45 }
        },
        "type": "cond-expr",
        "locations": [
          {
            "start": { "line": 33, "column": 10 },
            "end": { "line": 33, "column": 44 }
          },
          {
            "start": { "line": 34, "column": 10 },
            "end": { "line": 34, "column": 45 }
          }
        ]
      },
      "6": {
        "loc": {
          "start": { "line": 37, "column": 13 },
          "end": { "line": 37, "column": 61 }
        },
        "type": "binary-expr",
        "locations": [
          {
            "start": { "line": 37, "column": 14 },
            "end": { "line": 37, "column": 55 }
          },
          {
            "start": { "line": 37, "column": 60 },
            "end": { "line": 37, "column": 61 }
          }
        ]
      },
      "7": {
        "loc": {
          "start": { "line": 37, "column": 14 },
          "end": { "line": 37, "column": 55 }
        },
        "type": "cond-expr",
        "locations": [
          {
            "start": { "line": 37, "column": 31 },
            "end": { "line": 37, "column": 41 }
          },
          {
            "start": { "line": 37, "column": 44 },
            "end": { "line": 37, "column": 55 }
          }
        ]
      },
      "8": {
        "loc": {
          "start": { "line": 39, "column": 4 },
          "end": { "line": 41, "column": 47 }
        },
        "type": "cond-expr",
        "locations": [
          {
            "start": { "line": 40, "column": 8 },
            "end": { "line": 40, "column": 44 }
          },
          {
            "start": { "line": 41, "column": 8 },
            "end": { "line": 41, "column": 47 }
          }
        ]
      }
    },
    "s": {
      "0": 0,
      "1": 0,
      "2": 0,
      "3": 0,
      "4": 0,
      "5": 0,
      "6": 0,
      "7": 0,
      "8": 0,
      "9": 0,
      "10": 0,
      "11": 0,
      "12": 0,
      "13": 0,
      "14": 0,
      "15": 0,
      "16": 0,
      "17": 0
    },
    "f": { "0": 0, "1": 0 },
    "b": {
      "0": [0],
      "1": [0],
      "2": [0],
      "3": [0, 0],
      "4": [0, 0],
      "5": [0, 0],
      "6": [0, 0],
      "7": [0, 0],
      "8": [0, 0]
    }
  },
  "/Users/spacecorp/Projects/gleamy/packages/gleamy/src/lib/definitions/metal/rosegold.ts": {
    "path": "/Users/spacecorp/Projects/gleamy/packages/gleamy/src/lib/definitions/metal/rosegold.ts",
    "statementMap": {
      "0": {
        "start": { "line": 2, "column": 0 },
        "end": { "line": 2, "column": 64 }
      },
      "1": {
        "start": { "line": 4, "column": 19 },
        "end": { "line": 16, "column": 2 }
      },
      "2": {
        "start": { "line": 18, "column": 24 },
        "end": { "line": 36, "column": 1 }
      },
      "3": {
        "start": { "line": 26, "column": 19 },
        "end": { "line": 26, "column": 75 }
      },
      "4": {
        "start": { "line": 27, "column": 22 },
        "end": { "line": 29, "column": 16 }
      },
      "5": {
        "start": { "line": 31, "column": 2 },
        "end": { "line": 33, "column": 5 }
      },
      "6": {
        "start": { "line": 32, "column": 4 },
        "end": { "line": 32, "column": 73 }
      },
      "7": {
        "start": { "line": 35, "column": 2 },
        "end": { "line": 35, "column": 18 }
      },
      "8": {
        "start": { "line": 18, "column": 13 },
        "end": { "line": 18, "column": 24 }
      }
    },
    "fnMap": {
      "0": {
        "name": "(anonymous_0)",
        "decl": {
          "start": { "line": 18, "column": 24 },
          "end": { "line": 18, "column": 25 }
        },
        "loc": {
          "start": { "line": 25, "column": 47 },
          "end": { "line": 36, "column": 1 }
        }
      },
      "1": {
        "name": "(anonymous_1)",
        "decl": {
          "start": { "line": 31, "column": 22 },
          "end": { "line": 31, "column": 23 }
        },
        "loc": {
          "start": { "line": 31, "column": 40 },
          "end": { "line": 33, "column": 3 }
        }
      }
    },
    "branchMap": {
      "0": {
        "loc": {
          "start": { "line": 27, "column": 22 },
          "end": { "line": 29, "column": 16 }
        },
        "type": "cond-expr",
        "locations": [
          {
            "start": { "line": 28, "column": 6 },
            "end": { "line": 28, "column": 45 }
          },
          {
            "start": { "line": 29, "column": 6 },
            "end": { "line": 29, "column": 16 }
          }
        ]
      }
    },
    "s": {
      "0": 0,
      "1": 0,
      "2": 0,
      "3": 0,
      "4": 0,
      "5": 0,
      "6": 0,
      "7": 0,
      "8": 0
    },
    "f": { "0": 0, "1": 0 },
    "b": { "0": [0, 0] }
  },
  "/Users/spacecorp/Projects/gleamy/packages/gleamy/src/lib/definitions/metal/silver.ts": {
    "path": "/Users/spacecorp/Projects/gleamy/packages/gleamy/src/lib/definitions/metal/silver.ts",
    "statementMap": {
      "0": {
        "start": { "line": 2, "column": 0 },
        "end": { "line": 2, "column": 64 }
      },
      "1": {
        "start": { "line": 4, "column": 19 },
        "end": { "line": 14, "column": 2 }
      },
      "2": {
        "start": { "line": 16, "column": 22 },
        "end": { "line": 34, "column": 1 }
      },
      "3": {
        "start": { "line": 24, "column": 19 },
        "end": { "line": 24, "column": 75 }
      },
      "4": {
        "start": { "line": 25, "column": 22 },
        "end": { "line": 27, "column": 16 }
      },
      "5": {
        "start": { "line": 29, "column": 2 },
        "end": { "line": 31, "column": 5 }
      },
      "6": {
        "start": { "line": 30, "column": 4 },
        "end": { "line": 30, "column": 73 }
      },
      "7": {
        "start": { "line": 33, "column": 2 },
        "end": { "line": 33, "column": 18 }
      },
      "8": {
        "start": { "line": 16, "column": 13 },
        "end": { "line": 16, "column": 22 }
      }
    },
    "fnMap": {
      "0": {
        "name": "(anonymous_0)",
        "decl": {
          "start": { "line": 16, "column": 22 },
          "end": { "line": 16, "column": 23 }
        },
        "loc": {
          "start": { "line": 23, "column": 47 },
          "end": { "line": 34, "column": 1 }
        }
      },
      "1": {
        "name": "(anonymous_1)",
        "decl": {
          "start": { "line": 29, "column": 22 },
          "end": { "line": 29, "column": 23 }
        },
        "loc": {
          "start": { "line": 29, "column": 40 },
          "end": { "line": 31, "column": 3 }
        }
      }
    },
    "branchMap": {
      "0": {
        "loc": {
          "start": { "line": 25, "column": 22 },
          "end": { "line": 27, "column": 16 }
        },
        "type": "cond-expr",
        "locations": [
          {
            "start": { "line": 26, "column": 6 },
            "end": { "line": 26, "column": 45 }
          },
          {
            "start": { "line": 27, "column": 6 },
            "end": { "line": 27, "column": 16 }
          }
        ]
      }
    },
    "s": {
      "0": 0,
      "1": 0,
      "2": 0,
      "3": 0,
      "4": 0,
      "5": 0,
      "6": 0,
      "7": 0,
      "8": 0
    },
    "f": { "0": 0, "1": 0 },
    "b": { "0": [0, 0] }
  },
  "/Users/spacecorp/Projects/gleamy/packages/gleamy/src/lib/definitions/metal/steel.ts": {
    "path": "/Users/spacecorp/Projects/gleamy/packages/gleamy/src/lib/definitions/metal/steel.ts",
    "statementMap": {
      "0": {
        "start": { "line": 2, "column": 0 },
        "end": { "line": 2, "column": 64 }
      },
      "1": {
        "start": { "line": 4, "column": 19 },
        "end": { "line": 16, "column": 2 }
      },
      "2": {
        "start": { "line": 18, "column": 21 },
        "end": { "line": 35, "column": 1 }
      },
      "3": {
        "start": { "line": 26, "column": 19 },
        "end": { "line": 26, "column": 75 }
      },
      "4": {
        "start": { "line": 27, "column": 22 },
        "end": { "line": 29, "column": 16 }
      },
      "5": {
        "start": { "line": 31, "column": 2 },
        "end": { "line": 33, "column": 5 }
      },
      "6": {
        "start": { "line": 32, "column": 4 },
        "end": { "line": 32, "column": 73 }
      },
      "7": {
        "start": { "line": 34, "column": 2 },
        "end": { "line": 34, "column": 18 }
      },
      "8": {
        "start": { "line": 18, "column": 13 },
        "end": { "line": 18, "column": 21 }
      }
    },
    "fnMap": {
      "0": {
        "name": "(anonymous_0)",
        "decl": {
          "start": { "line": 18, "column": 21 },
          "end": { "line": 18, "column": 22 }
        },
        "loc": {
          "start": { "line": 25, "column": 47 },
          "end": { "line": 35, "column": 1 }
        }
      },
      "1": {
        "name": "(anonymous_1)",
        "decl": {
          "start": { "line": 31, "column": 22 },
          "end": { "line": 31, "column": 23 }
        },
        "loc": {
          "start": { "line": 31, "column": 40 },
          "end": { "line": 33, "column": 3 }
        }
      }
    },
    "branchMap": {
      "0": {
        "loc": {
          "start": { "line": 27, "column": 22 },
          "end": { "line": 29, "column": 16 }
        },
        "type": "cond-expr",
        "locations": [
          {
            "start": { "line": 28, "column": 6 },
            "end": { "line": 28, "column": 45 }
          },
          {
            "start": { "line": 29, "column": 6 },
            "end": { "line": 29, "column": 16 }
          }
        ]
      }
    },
    "s": {
      "0": 0,
      "1": 0,
      "2": 0,
      "3": 0,
      "4": 0,
      "5": 0,
      "6": 0,
      "7": 0,
      "8": 0
    },
    "f": { "0": 0, "1": 0 },
    "b": { "0": [0, 0] }
  },
  "/Users/spacecorp/Projects/gleamy/packages/gleamy/src/lib/definitions/plastic/holographic.ts": {
    "path": "/Users/spacecorp/Projects/gleamy/packages/gleamy/src/lib/definitions/plastic/holographic.ts",
    "statementMap": {
      "0": {
        "start": { "line": 2, "column": 0 },
        "end": { "line": 2, "column": 64 }
      },
      "1": {
        "start": { "line": 4, "column": 27 },
        "end": { "line": 83, "column": 1 }
      },
      "2": {
        "start": { "line": 17, "column": 28 },
        "end": { "line": 17, "column": 30 }
      },
      "3": {
        "start": { "line": 18, "column": 19 },
        "end": { "line": 18, "column": 75 }
      },
      "4": {
        "start": { "line": 20, "column": 4 },
        "end": { "line": 22, "column": 26 }
      },
      "5": {
        "start": { "line": 23, "column": 21 },
        "end": { "line": 23, "column": 24 }
      },
      "6": {
        "start": { "line": 24, "column": 34 },
        "end": { "line": 24, "column": 37 }
      },
      "7": {
        "start": { "line": 26, "column": 21 },
        "end": { "line": 32, "column": null }
      },
      "8": {
        "start": { "line": 34, "column": 13 },
        "end": { "line": 34, "column": 61 }
      },
      "9": {
        "start": { "line": 36, "column": 4 },
        "end": { "line": 38, "column": 47 }
      },
      "10": {
        "start": { "line": 39, "column": 20 },
        "end": { "line": 39, "column": 71 }
      },
      "11": {
        "start": { "line": 40, "column": 22 },
        "end": { "line": 40, "column": 67 }
      },
      "12": {
        "start": { "line": 42, "column": 21 },
        "end": { "line": 72, "column": 4 }
      },
      "13": {
        "start": { "line": 74, "column": 22 },
        "end": { "line": 76, "column": 16 }
      },
      "14": {
        "start": { "line": 78, "column": 2 },
        "end": { "line": 80, "column": 5 }
      },
      "15": {
        "start": { "line": 79, "column": 4 },
        "end": { "line": 79, "column": 73 }
      },
      "16": {
        "start": { "line": 82, "column": 2 },
        "end": { "line": 82, "column": 18 }
      },
      "17": {
        "start": { "line": 4, "column": 13 },
        "end": { "line": 4, "column": 27 }
      }
    },
    "fnMap": {
      "0": {
        "name": "(anonymous_0)",
        "decl": {
          "start": { "line": 4, "column": 27 },
          "end": { "line": 4, "column": 28 }
        },
        "loc": {
          "start": { "line": 16, "column": 48 },
          "end": { "line": 83, "column": 1 }
        }
      },
      "1": {
        "name": "(anonymous_1)",
        "decl": {
          "start": { "line": 78, "column": 22 },
          "end": { "line": 78, "column": 23 }
        },
        "loc": {
          "start": { "line": 78, "column": 40 },
          "end": { "line": 80, "column": 3 }
        }
      }
    },
    "branchMap": {
      "0": {
        "loc": {
          "start": { "line": 13, "column": 2 },
          "end": { "line": 13, "column": 23 }
        },
        "type": "default-arg",
        "locations": [
          {
            "start": { "line": 13, "column": 19 },
            "end": { "line": 13, "column": 23 }
          }
        ]
      },
      "1": {
        "loc": {
          "start": { "line": 14, "column": 2 },
          "end": { "line": 14, "column": 18 }
        },
        "type": "default-arg",
        "locations": [
          {
            "start": { "line": 14, "column": 17 },
            "end": { "line": 14, "column": 18 }
          }
        ]
      },
      "2": {
        "loc": {
          "start": { "line": 15, "column": 2 },
          "end": { "line": 15, "column": 22 }
        },
        "type": "default-arg",
        "locations": [
          {
            "start": { "line": 15, "column": 21 },
            "end": { "line": 15, "column": 22 }
          }
        ]
      },
      "3": {
        "loc": {
          "start": { "line": 28, "column": 7 },
          "end": { "line": 30, "column": 45 }
        },
        "type": "cond-expr",
        "locations": [
          {
            "start": { "line": 29, "column": 10 },
            "end": { "line": 29, "column": 44 }
          },
          {
            "start": { "line": 30, "column": 10 },
            "end": { "line": 30, "column": 45 }
          }
        ]
      },
      "4": {
        "loc": {
          "start": { "line": 34, "column": 13 },
          "end": { "line": 34, "column": 61 }
        },
        "type": "binary-expr",
        "locations": [
          {
            "start": { "line": 34, "column": 14 },
            "end": { "line": 34, "column": 55 }
          },
          {
            "start": { "line": 34, "column": 60 },
            "end": { "line": 34, "column": 61 }
          }
        ]
      },
      "5": {
        "loc": {
          "start": { "line": 34, "column": 14 },
          "end": { "line": 34, "column": 55 }
        },
        "type": "cond-expr",
        "locations": [
          {
            "start": { "line": 34, "column": 31 },
            "end": { "line": 34, "column": 41 }
          },
          {
            "start": { "line": 34, "column": 44 },
            "end": { "line": 34, "column": 55 }
          }
        ]
      },
      "6": {
        "loc": {
          "start": { "line": 36, "column": 4 },
          "end": { "line": 38, "column": 47 }
        },
        "type": "cond-expr",
        "locations": [
          {
            "start": { "line": 37, "column": 8 },
            "end": { "line": 37, "column": 44 }
          },
          {
            "start": { "line": 38, "column": 8 },
            "end": { "line": 38, "column": 47 }
          }
        ]
      },
      "7": {
        "loc": {
          "start": { "line": 40, "column": 23 },
          "end": { "line": 40, "column": 61 }
        },
        "type": "cond-expr",
        "locations": [
          {
            "start": { "line": 40, "column": 39 },
            "end": { "line": 40, "column": 48 }
          },
          {
            "start": { "line": 40, "column": 51 },
            "end": { "line": 40, "column": 61 }
          }
        ]
      },
      "8": {
        "loc": {
          "start": { "line": 74, "column": 22 },
          "end": { "line": 76, "column": 16 }
        },
        "type": "cond-expr",
        "locations": [
          {
            "start": { "line": 75, "column": 6 },
            "end": { "line": 75, "column": 45 }
          },
          {
            "start": { "line": 76, "column": 6 },
            "end": { "line": 76, "column": 16 }
          }
        ]
      }
    },
    "s": {
      "0": 0,
      "1": 0,
      "2": 0,
      "3": 0,
      "4": 0,
      "5": 0,
      "6": 0,
      "7": 0,
      "8": 0,
      "9": 0,
      "10": 0,
      "11": 0,
      "12": 0,
      "13": 0,
      "14": 0,
      "15": 0,
      "16": 0,
      "17": 0
    },
    "f": { "0": 0, "1": 0 },
    "b": {
      "0": [0],
      "1": [0],
      "2": [0],
      "3": [0, 0],
      "4": [0, 0],
      "5": [0, 0],
      "6": [0, 0],
      "7": [0, 0],
      "8": [0, 0]
    }
  },
  "/Users/spacecorp/Projects/gleamy/packages/gleamy/src/lib/definitions/plastic/index.ts": {
    "path": "/Users/spacecorp/Projects/gleamy/packages/gleamy/src/lib/definitions/plastic/index.ts",
    "statementMap": {
      "0": {
        "start": { "line": 1, "column": 0 },
        "end": { "line": 1, "column": 9 }
      },
      "1": {
        "start": { "line": 1, "column": 9 },
        "end": { "line": 1, "column": 36 }
      },
      "2": {
        "start": { "line": 2, "column": 0 },
        "end": { "line": 2, "column": 9 }
      },
      "3": {
        "start": { "line": 2, "column": 9 },
        "end": { "line": 2, "column": 42 }
      },
      "4": {
        "start": { "line": 3, "column": 0 },
        "end": { "line": 3, "column": 9 }
      },
      "5": {
        "start": { "line": 3, "column": 9 },
        "end": { "line": 3, "column": 44 }
      }
    },
    "fnMap": {
      "0": {
        "name": "(anonymous_0)",
        "decl": {
          "start": { "line": 1, "column": 9 },
          "end": { "line": 1, "column": 16 }
        },
        "loc": {
          "start": { "line": 1, "column": 9 },
          "end": { "line": 1, "column": 36 }
        }
      },
      "1": {
        "name": "(anonymous_1)",
        "decl": {
          "start": { "line": 2, "column": 9 },
          "end": { "line": 2, "column": 19 }
        },
        "loc": {
          "start": { "line": 2, "column": 9 },
          "end": { "line": 2, "column": 42 }
        }
      },
      "2": {
        "name": "(anonymous_2)",
        "decl": {
          "start": { "line": 3, "column": 9 },
          "end": { "line": 3, "column": 20 }
        },
        "loc": {
          "start": { "line": 3, "column": 9 },
          "end": { "line": 3, "column": 44 }
        }
      }
    },
    "branchMap": {},
    "s": { "0": 0, "1": 0, "2": 0, "3": 0, "4": 0, "5": 0 },
    "f": { "0": 0, "1": 0, "2": 0 },
    "b": {}
  },
  "/Users/spacecorp/Projects/gleamy/packages/gleamy/src/lib/definitions/plastic/iridescent.ts": {
    "path": "/Users/spacecorp/Projects/gleamy/packages/gleamy/src/lib/definitions/plastic/iridescent.ts",
    "statementMap": {
      "0": {
        "start": { "line": 2, "column": 0 },
        "end": { "line": 2, "column": 64 }
      },
      "1": {
        "start": { "line": 4, "column": 26 },
        "end": { "line": 59, "column": 1 }
      },
      "2": {
        "start": { "line": 18, "column": 4 },
        "end": { "line": 19, "column": 21 }
      },
      "3": {
        "start": { "line": 20, "column": 19 },
        "end": { "line": 20, "column": 75 }
      },
      "4": {
        "start": { "line": 21, "column": 21 },
        "end": { "line": 21, "column": 45 }
      },
      "5": {
        "start": { "line": 22, "column": 25 },
        "end": { "line": 22, "column": 48 }
      },
      "6": {
        "start": { "line": 24, "column": 21 },
        "end": { "line": 50, "column": 4 }
      },
      "7": {
        "start": { "line": 52, "column": 22 },
        "end": { "line": 52, "column": 61 }
      },
      "8": {
        "start": { "line": 54, "column": 2 },
        "end": { "line": 56, "column": 5 }
      },
      "9": {
        "start": { "line": 55, "column": 4 },
        "end": { "line": 55, "column": 73 }
      },
      "10": {
        "start": { "line": 58, "column": 2 },
        "end": { "line": 58, "column": 18 }
      },
      "11": {
        "start": { "line": 4, "column": 13 },
        "end": { "line": 4, "column": 26 }
      }
    },
    "fnMap": {
      "0": {
        "name": "(anonymous_0)",
        "decl": {
          "start": { "line": 4, "column": 26 },
          "end": { "line": 4, "column": 27 }
        },
        "loc": {
          "start": { "line": 16, "column": 48 },
          "end": { "line": 59, "column": 1 }
        }
      },
      "1": {
        "name": "(anonymous_1)",
        "decl": {
          "start": { "line": 54, "column": 22 },
          "end": { "line": 54, "column": 23 }
        },
        "loc": {
          "start": { "line": 54, "column": 40 },
          "end": { "line": 56, "column": 3 }
        }
      }
    },
    "branchMap": {
      "0": {
        "loc": {
          "start": { "line": 13, "column": 2 },
          "end": { "line": 13, "column": 18 }
        },
        "type": "default-arg",
        "locations": [
          {
            "start": { "line": 13, "column": 17 },
            "end": { "line": 13, "column": 18 }
          }
        ]
      },
      "1": {
        "loc": {
          "start": { "line": 14, "column": 2 },
          "end": { "line": 14, "column": 22 }
        },
        "type": "default-arg",
        "locations": [
          {
            "start": { "line": 14, "column": 21 },
            "end": { "line": 14, "column": 22 }
          }
        ]
      },
      "2": {
        "loc": {
          "start": { "line": 15, "column": 2 },
          "end": { "line": 15, "column": 22 }
        },
        "type": "default-arg",
        "locations": [
          {
            "start": { "line": 15, "column": 19 },
            "end": { "line": 15, "column": 22 }
          }
        ]
      }
    },
    "s": {
      "0": 0,
      "1": 0,
      "2": 0,
      "3": 0,
      "4": 0,
      "5": 0,
      "6": 0,
      "7": 0,
      "8": 0,
      "9": 0,
      "10": 0,
      "11": 0
    },
    "f": { "0": 0, "1": 0 },
    "b": { "0": [0], "1": [0], "2": [0] }
  },
  "/Users/spacecorp/Projects/gleamy/packages/gleamy/src/lib/definitions/plastic/lacquer.ts": {
    "path": "/Users/spacecorp/Projects/gleamy/packages/gleamy/src/lib/definitions/plastic/lacquer.ts",
    "statementMap": {
      "0": {
        "start": { "line": 2, "column": 0 },
        "end": { "line": 2, "column": 64 }
      },
      "1": {
        "start": { "line": 4, "column": 23 },
        "end": { "line": 32, "column": 1 }
      },
      "2": {
        "start": { "line": 14, "column": 21 },
        "end": { "line": 20, "column": 4 }
      },
      "3": {
        "start": { "line": 22, "column": 19 },
        "end": { "line": 22, "column": 75 }
      },
      "4": {
        "start": { "line": 23, "column": 22 },
        "end": { "line": 25, "column": 16 }
      },
      "5": {
        "start": { "line": 27, "column": 2 },
        "end": { "line": 29, "column": 5 }
      },
      "6": {
        "start": { "line": 28, "column": 4 },
        "end": { "line": 28, "column": 73 }
      },
      "7": {
        "start": { "line": 31, "column": 2 },
        "end": { "line": 31, "column": 18 }
      },
      "8": {
        "start": { "line": 4, "column": 13 },
        "end": { "line": 4, "column": 23 }
      }
    },
    "fnMap": {
      "0": {
        "name": "(anonymous_0)",
        "decl": {
          "start": { "line": 4, "column": 23 },
          "end": { "line": 4, "column": 24 }
        },
        "loc": {
          "start": { "line": 13, "column": 48 },
          "end": { "line": 32, "column": 1 }
        }
      },
      "1": {
        "name": "(anonymous_1)",
        "decl": {
          "start": { "line": 27, "column": 22 },
          "end": { "line": 27, "column": 23 }
        },
        "loc": {
          "start": { "line": 27, "column": 40 },
          "end": { "line": 29, "column": 3 }
        }
      }
    },
    "branchMap": {
      "0": {
        "loc": {
          "start": { "line": 11, "column": 2 },
          "end": { "line": 11, "column": 18 }
        },
        "type": "default-arg",
        "locations": [
          {
            "start": { "line": 11, "column": 17 },
            "end": { "line": 11, "column": 18 }
          }
        ]
      },
      "1": {
        "loc": {
          "start": { "line": 12, "column": 2 },
          "end": { "line": 12, "column": 23 }
        },
        "type": "default-arg",
        "locations": [
          {
            "start": { "line": 12, "column": 19 },
            "end": { "line": 12, "column": 23 }
          }
        ]
      },
      "2": {
        "loc": {
          "start": { "line": 23, "column": 22 },
          "end": { "line": 25, "column": 16 }
        },
        "type": "cond-expr",
        "locations": [
          {
            "start": { "line": 24, "column": 6 },
            "end": { "line": 24, "column": 45 }
          },
          {
            "start": { "line": 25, "column": 6 },
            "end": { "line": 25, "column": 16 }
          }
        ]
      }
    },
    "s": {
      "0": 0,
      "1": 0,
      "2": 0,
      "3": 0,
      "4": 0,
      "5": 0,
      "6": 0,
      "7": 0,
      "8": 0
    },
    "f": { "0": 0, "1": 0 },
    "b": { "0": [0], "1": [0], "2": [0, 0] }
  },
  "/Users/spacecorp/Projects/gleamy/packages/gleamy/src/lib/provider/defaultGleamySettings.ts": {
    "path": "/Users/spacecorp/Projects/gleamy/packages/gleamy/src/lib/provider/defaultGleamySettings.ts",
    "statementMap": {
      "0": {
        "start": { "line": 4, "column": 35 },
        "end": { "line": 4, "column": 37 }
      },
      "1": {
        "start": { "line": 5, "column": 35 },
        "end": { "line": 5, "column": 46 }
      },
      "2": {
        "start": { "line": 6, "column": 33 },
        "end": { "line": 6, "column": 37 }
      },
      "3": {
        "start": { "line": 7, "column": 33 },
        "end": { "line": 7, "column": 37 }
      },
      "4": {
        "start": { "line": 8, "column": 20 },
        "end": { "line": 8, "column": 22 }
      },
      "5": {
        "start": { "line": 10, "column": 13 },
        "end": { "line": 18, "column": 2 }
      }
    },
    "fnMap": {},
    "branchMap": {},
    "s": { "0": 0, "1": 0, "2": 0, "3": 0, "4": 0, "5": 0 },
    "f": {},
    "b": {}
  },
  "/Users/spacecorp/Projects/gleamy/packages/gleamy/src/lib/utils/drawMaterial.ts": {
    "path": "/Users/spacecorp/Projects/gleamy/packages/gleamy/src/lib/utils/drawMaterial.ts",
    "statementMap": {
      "0": {
        "start": { "line": 6, "column": 28 },
        "end": { "line": 25, "column": 1 }
      },
      "1": {
        "start": { "line": 7, "column": 19 },
        "end": { "line": 7, "column": 29 }
      },
      "2": {
        "start": { "line": 9, "column": 13 },
        "end": { "line": 9, "column": 23 }
      },
      "3": {
        "start": { "line": 12, "column": 15 },
        "end": { "line": 22, "column": 3 }
      },
      "4": {
        "start": { "line": 13, "column": 4 },
        "end": { "line": 13, "column": 32 }
      },
      "5": {
        "start": { "line": 15, "column": 4 },
        "end": { "line": 15, "column": 21 }
      },
      "6": {
        "start": { "line": 16, "column": 4 },
        "end": { "line": 16, "column": 23 }
      },
      "7": {
        "start": { "line": 18, "column": 4 },
        "end": { "line": 21, "column": null }
      },
      "8": {
        "start": { "line": 19, "column": 6 },
        "end": { "line": 19, "column": 38 }
      },
      "9": {
        "start": { "line": 20, "column": 6 },
        "end": { "line": 20, "column": 21 }
      },
      "10": {
        "start": { "line": 24, "column": 2 },
        "end": { "line": 24, "column": 9 }
      },
      "11": {
        "start": { "line": 6, "column": 13 },
        "end": { "line": 6, "column": 28 }
      }
    },
    "fnMap": {
      "0": {
        "name": "(anonymous_0)",
        "decl": {
          "start": { "line": 6, "column": 28 },
          "end": { "line": 6, "column": 29 }
        },
        "loc": {
          "start": { "line": 6, "column": 68 },
          "end": { "line": 25, "column": 1 }
        }
      },
      "1": {
        "name": "(anonymous_1)",
        "decl": {
          "start": { "line": 12, "column": 15 },
          "end": { "line": 12, "column": 18 }
        },
        "loc": {
          "start": { "line": 12, "column": 20 },
          "end": { "line": 22, "column": 3 }
        }
      }
    },
    "branchMap": {
      "0": {
        "loc": {
          "start": { "line": 18, "column": 4 },
          "end": { "line": 21, "column": null }
        },
        "type": "if",
        "locations": [
          {
            "start": { "line": 18, "column": 4 },
            "end": { "line": 21, "column": null }
          }
        ]
      }
    },
    "s": {
      "0": 0,
      "1": 0,
      "2": 0,
      "3": 0,
      "4": 0,
      "5": 0,
      "6": 0,
      "7": 0,
      "8": 0,
      "9": 0,
      "10": 0,
      "11": 0
    },
    "f": { "0": 0, "1": 0 },
    "b": { "0": [0] }
  },
  "/Users/spacecorp/Projects/gleamy/packages/gleamy/src/lib/utils/setDPI.ts": {
    "path": "/Users/spacecorp/Projects/gleamy/packages/gleamy/src/lib/utils/setDPI.ts",
    "statementMap": {
      "0": {
        "start": { "line": 1, "column": 22 },
        "end": { "line": 35, "column": 1 }
      },
      "1": {
        "start": { "line": 2, "column": 2 },
        "end": { "line": 4, "column": null }
      },
      "2": {
        "start": { "line": 3, "column": 4 },
        "end": { "line": 3, "column": 11 }
      },
      "3": {
        "start": { "line": 6, "column": 2 },
        "end": { "line": 6, "column": 65 }
      },
      "4": {
        "start": { "line": 7, "column": 2 },
        "end": { "line": 7, "column": 68 }
      },
      "5": {
        "start": { "line": 9, "column": 22 },
        "end": { "line": 9, "column": 30 }
      },
      "6": {
        "start": { "line": 10, "column": 16 },
        "end": { "line": 10, "column": 46 }
      },
      "7": {
        "start": { "line": 11, "column": 17 },
        "end": { "line": 11, "column": 48 }
      },
      "8": {
        "start": { "line": 13, "column": 19 },
        "end": { "line": 13, "column": 39 }
      },
      "9": {
        "start": { "line": 14, "column": 22 },
        "end": { "line": 14, "column": 44 }
      },
      "10": {
        "start": { "line": 15, "column": 17 },
        "end": { "line": 15, "column": 61 }
      },
      "11": {
        "start": { "line": 16, "column": 18 },
        "end": { "line": 16, "column": 41 }
      },
      "12": {
        "start": { "line": 18, "column": 2 },
        "end": { "line": 20, "column": null }
      },
      "13": {
        "start": { "line": 19, "column": 4 },
        "end": { "line": 19, "column": 11 }
      },
      "14": {
        "start": { "line": 22, "column": 24 },
        "end": { "line": 22, "column": 48 }
      },
      "15": {
        "start": { "line": 24, "column": 2 },
        "end": { "line": 26, "column": null }
      },
      "16": {
        "start": { "line": 25, "column": 4 },
        "end": { "line": 25, "column": 11 }
      },
      "17": {
        "start": { "line": 28, "column": 2 },
        "end": { "line": 28, "column": 48 }
      },
      "18": {
        "start": { "line": 29, "column": 2 },
        "end": { "line": 29, "column": 50 }
      },
      "19": {
        "start": { "line": 31, "column": 2 },
        "end": { "line": 31, "column": 40 }
      },
      "20": {
        "start": { "line": 32, "column": 2 },
        "end": { "line": 32, "column": 61 }
      },
      "21": {
        "start": { "line": 33, "column": 2 },
        "end": { "line": 33, "column": 34 }
      },
      "22": {
        "start": { "line": 34, "column": 2 },
        "end": { "line": 34, "column": 61 }
      },
      "23": {
        "start": { "line": 1, "column": 13 },
        "end": { "line": 1, "column": 22 }
      }
    },
    "fnMap": {
      "0": {
        "name": "(anonymous_0)",
        "decl": {
          "start": { "line": 1, "column": 22 },
          "end": { "line": 1, "column": 23 }
        },
        "loc": {
          "start": { "line": 1, "column": 71 },
          "end": { "line": 35, "column": 1 }
        }
      }
    },
    "branchMap": {
      "0": {
        "loc": {
          "start": { "line": 2, "column": 2 },
          "end": { "line": 4, "column": null }
        },
        "type": "if",
        "locations": [
          {
            "start": { "line": 2, "column": 2 },
            "end": { "line": 4, "column": null }
          }
        ]
      },
      "1": {
        "loc": {
          "start": { "line": 6, "column": 23 },
          "end": { "line": 6, "column": 64 }
        },
        "type": "binary-expr",
        "locations": [
          {
            "start": { "line": 6, "column": 23 },
            "end": { "line": 6, "column": 41 }
          },
          {
            "start": { "line": 6, "column": 45 },
            "end": { "line": 6, "column": 64 }
          }
        ]
      },
      "2": {
        "loc": {
          "start": { "line": 7, "column": 24 },
          "end": { "line": 7, "column": 67 }
        },
        "type": "binary-expr",
        "locations": [
          {
            "start": { "line": 7, "column": 24 },
            "end": { "line": 7, "column": 43 }
          },
          {
            "start": { "line": 7, "column": 47 },
            "end": { "line": 7, "column": 67 }
          }
        ]
      },
      "3": {
        "loc": {
          "start": { "line": 18, "column": 2 },
          "end": { "line": 20, "column": null }
        },
        "type": "if",
        "locations": [
          {
            "start": { "line": 18, "column": 2 },
            "end": { "line": 20, "column": null }
          }
        ]
      },
      "4": {
        "loc": {
          "start": { "line": 22, "column": 24 },
          "end": { "line": 22, "column": 48 }
        },
        "type": "cond-expr",
        "locations": [
          {
            "start": { "line": 22, "column": 30 },
            "end": { "line": 22, "column": 32 }
          },
          {
            "start": { "line": 22, "column": 24 },
            "end": { "line": 22, "column": 48 }
          }
        ]
      },
      "5": {
        "loc": {
          "start": { "line": 22, "column": 24 },
          "end": { "line": 22, "column": 32 }
        },
        "type": "binary-expr",
        "locations": [
          {
            "start": { "line": 22, "column": 24 },
            "end": { "line": 22, "column": 32 }
          },
          {
            "start": { "line": 22, "column": 24 },
            "end": { "line": 22, "column": 32 }
          }
        ]
      },
      "6": {
        "loc": {
          "start": { "line": 24, "column": 2 },
          "end": { "line": 26, "column": null }
        },
        "type": "if",
        "locations": [
          {
            "start": { "line": 24, "column": 2 },
            "end": { "line": 26, "column": null }
          }
        ]
      },
      "7": {
        "loc": {
          "start": { "line": 24, "column": 8 },
          "end": { "line": 24, "column": 32 }
        },
        "type": "binary-expr",
        "locations": [
          {
            "start": { "line": 24, "column": 8 },
            "end": { "line": 24, "column": 21 }
          },
          {
            "start": { "line": 24, "column": 25 },
            "end": { "line": 24, "column": 32 }
          }
        ]
      }
    },
    "s": {
      "0": 0,
      "1": 0,
      "2": 0,
      "3": 0,
      "4": 0,
      "5": 0,
      "6": 0,
      "7": 0,
      "8": 0,
      "9": 0,
      "10": 0,
      "11": 0,
      "12": 0,
      "13": 0,
      "14": 0,
      "15": 0,
      "16": 0,
      "17": 0,
      "18": 0,
      "19": 0,
      "20": 0,
      "21": 0,
      "22": 0,
      "23": 0
    },
    "f": { "0": 0 },
    "b": {
      "0": [0],
      "1": [0, 0],
      "2": [0, 0],
      "3": [0],
      "4": [0, 0],
      "5": [0, 0],
      "6": [0],
      "7": [0, 0]
    }
  },
  "/Users/spacecorp/Projects/gleamy/packages/gleamy/src/lib/utils/spreadColorProps.ts": {
    "path": "/Users/spacecorp/Projects/gleamy/packages/gleamy/src/lib/utils/spreadColorProps.ts",
    "statementMap": {
      "0": {
        "start": { "line": 3, "column": 32 },
        "end": { "line": 20, "column": 1 }
      },
      "1": {
        "start": { "line": 8, "column": 22 },
        "end": { "line": 8, "column": 77 }
      },
      "2": {
        "start": { "line": 8, "column": 49 },
        "end": { "line": 8, "column": 76 }
      },
      "3": {
        "start": { "line": 9, "column": 14 },
        "end": { "line": 9, "column": 38 }
      },
      "4": {
        "start": { "line": 10, "column": 14 },
        "end": { "line": 10, "column": 38 }
      },
      "5": {
        "start": { "line": 12, "column": 2 },
        "end": { "line": 19, "column": 5 }
      },
      "6": {
        "start": { "line": 13, "column": 26 },
        "end": { "line": 13, "column": 35 }
      },
      "7": {
        "start": { "line": 15, "column": 6 },
        "end": { "line": 17, "column": 15 }
      },
      "8": {
        "start": { "line": 18, "column": 4 },
        "end": { "line": 18, "column": 41 }
      },
      "9": {
        "start": { "line": 3, "column": 13 },
        "end": { "line": 3, "column": 32 }
      }
    },
    "fnMap": {
      "0": {
        "name": "(anonymous_0)",
        "decl": {
          "start": { "line": 3, "column": 32 },
          "end": { "line": 3, "column": null }
        },
        "loc": {
          "start": { "line": 7, "column": 16 },
          "end": { "line": 20, "column": 1 }
        }
      },
      "1": {
        "name": "(anonymous_1)",
        "decl": {
          "start": { "line": 8, "column": 37 },
          "end": { "line": 8, "column": 38 }
        },
        "loc": {
          "start": { "line": 8, "column": 49 },
          "end": { "line": 8, "column": 76 }
        }
      },
      "2": {
        "name": "(anonymous_2)",
        "decl": {
          "start": { "line": 12, "column": 24 },
          "end": { "line": 12, "column": 25 }
        },
        "loc": {
          "start": { "line": 12, "column": 38 },
          "end": { "line": 19, "column": 3 }
        }
      }
    },
    "branchMap": {},
    "s": {
      "0": 1,
      "1": 2,
      "2": 6,
      "3": 2,
      "4": 2,
      "5": 2,
      "6": 6,
      "7": 6,
      "8": 6,
      "9": 1
    },
    "f": { "0": 2, "1": 6, "2": 6 },
    "b": {}
  },
  "/Users/spacecorp/Projects/gleamy/packages/gleamy/src/types/index.ts": {
    "path": "/Users/spacecorp/Projects/gleamy/packages/gleamy/src/types/index.ts",
    "statementMap": {
      "0": {
        "start": { "line": 1, "column": 0 },
        "end": { "line": 1, "column": 27 }
      },
      "1": {
        "start": { "line": 2, "column": 0 },
        "end": { "line": 2, "column": 33 }
      },
      "2": {
        "start": { "line": 3, "column": 0 },
        "end": { "line": 3, "column": 38 }
      },
      "3": {
        "start": { "line": 4, "column": 0 },
        "end": { "line": 4, "column": 28 }
      }
    },
    "fnMap": {},
    "branchMap": {},
    "s": { "0": 0, "1": 0, "2": 0, "3": 0 },
    "f": {},
    "b": {}
  },
  "/Users/spacecorp/Projects/gleamy/packages/gleamy/src/types/animators/index.ts": {
    "path": "/Users/spacecorp/Projects/gleamy/packages/gleamy/src/types/animators/index.ts",
    "statementMap": {
      "0": {
        "start": { "line": 1, "column": 0 },
        "end": { "line": 1, "column": 28 }
      }
    },
    "fnMap": {},
    "branchMap": {},
    "s": { "0": 0 },
    "f": {},
    "b": {}
  },
  "/Users/spacecorp/Projects/gleamy/packages/gleamy/src/types/generics/index.ts": {
    "path": "/Users/spacecorp/Projects/gleamy/packages/gleamy/src/types/generics/index.ts",
    "statementMap": {
      "0": {
        "start": { "line": 1, "column": 0 },
        "end": { "line": 1, "column": 25 }
      },
      "1": {
        "start": { "line": 2, "column": 0 },
        "end": { "line": 2, "column": 26 }
      },
      "2": {
        "start": { "line": 3, "column": 0 },
        "end": { "line": 3, "column": 25 }
      }
    },
    "fnMap": {},
    "branchMap": {},
    "s": { "0": 0, "1": 0, "2": 0 },
    "f": {},
    "b": {}
  },
  "/Users/spacecorp/Projects/gleamy/packages/gleamy/src/types/materials/index.ts": {
    "path": "/Users/spacecorp/Projects/gleamy/packages/gleamy/src/types/materials/index.ts",
    "statementMap": {
      "0": {
        "start": { "line": 1, "column": 0 },
        "end": { "line": 1, "column": 25 }
      },
      "1": {
        "start": { "line": 2, "column": 0 },
        "end": { "line": 2, "column": 28 }
      },
      "2": {
        "start": { "line": 3, "column": 0 },
        "end": { "line": 3, "column": 27 }
      },
      "3": {
        "start": { "line": 4, "column": 0 },
        "end": { "line": 4, "column": 27 }
      }
    },
    "fnMap": {},
    "branchMap": {},
    "s": { "0": 0, "1": 0, "2": 0, "3": 0 },
    "f": {},
    "b": {}
  }
}
